13:19:07.995 DEBU [pymycobot.generate] _write: fe fe 02 c1 fa 
13:19:08.497 DEBU [pymycobot.generate] _read : 
13:19:08.497 DEBU [pymycobot.generate] _write: fe fe 02 c1 fa 
13:19:08.999 DEBU [pymycobot.generate] _read : 
13:19:09.000 DEBU [pymycobot.generate] _write: fe fe 02 c1 fa 
13:19:09.502 DEBU [pymycobot.generate] _read : 
13:19:09.503 DEBU [pymycobot.generate] _write: fe fe 02 02 fa 
13:19:10.005 DEBU [pymycobot.generate] _read : 
13:19:10.005 DEBU [pymycobot.generate] _write: fe fe 02 02 fa 
13:19:10.507 DEBU [pymycobot.generate] _read : 
13:19:10.508 DEBU [pymycobot.generate] _write: fe fe 02 02 fa 
13:19:11.010 DEBU [pymycobot.generate] _read : 
13:19:11.010 DEBU [pymycobot.generate] _write: fe fe 02 02 fa 
13:19:11.512 DEBU [pymycobot.generate] _read : 
13:19:11.513 DEBU [pymycobot.generate] _write: fe fe 02 02 fa 
13:19:12.015 DEBU [pymycobot.generate] _read : 
13:19:12.015 DEBU [pymycobot.generate] _write: fe fe 02 02 fa 
13:19:12.518 DEBU [pymycobot.generate] _read : 
13:19:12.519 DEBU [pymycobot.generate] _write: fe fe 06 3a 07 08 00 28 fa 
13:19:13.020 DEBU [pymycobot.generate] _read : 
13:19:13.021 DEBU [pymycobot.generate] _write: fe fe 06 3a 07 08 00 28 fa 
13:19:13.523 DEBU [pymycobot.generate] _read : 
13:19:13.524 DEBU [pymycobot.generate] _write: fe fe 06 3a 07 08 00 28 fa 
13:19:14.026 DEBU [pymycobot.generate] _read : 
13:19:17.030 DEBU [pymycobot.generate] _write: fe fe 06 3a 07 05 dc 28 fa 
13:19:17.532 DEBU [pymycobot.generate] _read : 
13:19:17.533 DEBU [pymycobot.generate] _write: fe fe 06 3a 07 05 dc 28 fa 
13:19:18.035 DEBU [pymycobot.generate] _read : 
13:19:18.036 DEBU [pymycobot.generate] _write: fe fe 06 3a 07 05 dc 28 fa 
13:19:18.538 DEBU [pymycobot.generate] _read : 
13:19:21.542 DEBU [pymycobot.generate] _write: fe fe 03 65 01 fa 
13:19:22.044 DEBU [pymycobot.generate] _read : 
13:19:22.044 DEBU [pymycobot.generate] _write: fe fe 03 65 01 fa 
13:19:22.546 DEBU [pymycobot.generate] _read : 
13:19:22.547 DEBU [pymycobot.generate] _write: fe fe 03 65 01 fa 
13:19:23.051 DEBU [pymycobot.generate] _read : 
13:19:23.052 DEBU [pymycobot.generate] _write: fe fe 03 3b 07 fa 
13:19:23.554 DEBU [pymycobot.generate] _read : 
13:19:23.556 DEBU [pymycobot.generate] _write: fe fe 03 3b 07 fa 
13:19:24.058 DEBU [pymycobot.generate] _read : 
13:19:24.058 DEBU [pymycobot.generate] _write: fe fe 03 3b 07 fa 
13:19:24.560 DEBU [pymycobot.generate] _read : 
13:19:24.661 DEBU [pymycobot.generate] _write: fe fe 02 68 fa 
13:19:25.063 DEBU [pymycobot.generate] _read : 
13:19:25.064 DEBU [pymycobot.generate] _write: fe fe 02 68 fa 
13:19:25.466 DEBU [pymycobot.generate] _read : 
13:19:25.467 DEBU [pymycobot.generate] _write: fe fe 02 68 fa 
13:19:25.868 DEBU [pymycobot.generate] _read : 
13:19:25.969 DEBU [pymycobot.generate] _write: fe fe 03 3b 07 fa 
13:19:26.471 DEBU [pymycobot.generate] _read : 
13:19:26.472 DEBU [pymycobot.generate] _write: fe fe 03 3b 07 fa 
13:19:26.974 DEBU [pymycobot.generate] _read : 
13:19:26.975 DEBU [pymycobot.generate] _write: fe fe 03 3b 07 fa 
13:19:27.477 DEBU [pymycobot.generate] _read : 
13:20:40.551 DEBU [pymycobot.generate] _write: fe fe 02 c1 fa 
13:20:41.053 DEBU [pymycobot.generate] _read : 
13:20:41.054 DEBU [pymycobot.generate] _write: fe fe 02 c1 fa 
13:20:41.556 DEBU [pymycobot.generate] _read : 
13:20:41.556 DEBU [pymycobot.generate] _write: fe fe 02 c1 fa 
13:20:42.058 DEBU [pymycobot.generate] _read : 
13:20:42.059 DEBU [pymycobot.generate] _write: fe fe 02 02 fa 
13:20:42.561 DEBU [pymycobot.generate] _read : 
13:20:42.562 DEBU [pymycobot.generate] _write: fe fe 02 02 fa 
13:20:43.064 DEBU [pymycobot.generate] _read : 
13:20:43.065 DEBU [pymycobot.generate] _write: fe fe 02 02 fa 
13:20:43.567 DEBU [pymycobot.generate] _read : 
13:20:43.568 DEBU [pymycobot.generate] _write: fe fe 02 02 fa 
13:20:44.070 DEBU [pymycobot.generate] _read : 
13:20:44.071 DEBU [pymycobot.generate] _write: fe fe 02 02 fa 
13:20:44.573 DEBU [pymycobot.generate] _read : 
13:20:44.573 DEBU [pymycobot.generate] _write: fe fe 02 02 fa 
13:20:45.075 DEBU [pymycobot.generate] _read : 
13:20:45.076 DEBU [pymycobot.generate] _write: fe fe 06 3a 07 08 00 28 fa 
13:20:45.579 DEBU [pymycobot.generate] _read : 
13:20:45.579 DEBU [pymycobot.generate] _write: fe fe 06 3a 07 08 00 28 fa 
13:20:46.081 DEBU [pymycobot.generate] _read : 
13:20:46.082 DEBU [pymycobot.generate] _write: fe fe 06 3a 07 08 00 28 fa 
13:20:46.584 DEBU [pymycobot.generate] _read : 
13:20:49.588 DEBU [pymycobot.generate] _write: fe fe 06 3a 07 05 dc 28 fa 
13:20:50.090 DEBU [pymycobot.generate] _read : 
13:20:50.090 DEBU [pymycobot.generate] _write: fe fe 06 3a 07 05 dc 28 fa 
13:20:50.592 DEBU [pymycobot.generate] _read : 
13:20:50.593 DEBU [pymycobot.generate] _write: fe fe 06 3a 07 05 dc 28 fa 
13:20:51.095 DEBU [pymycobot.generate] _read : 
13:20:54.097 DEBU [pymycobot.generate] _write: fe fe 03 65 01 fa 
13:20:54.599 DEBU [pymycobot.generate] _read : 
13:20:54.600 DEBU [pymycobot.generate] _write: fe fe 03 65 01 fa 
13:20:55.102 DEBU [pymycobot.generate] _read : 
13:20:55.103 DEBU [pymycobot.generate] _write: fe fe 03 65 01 fa 
13:20:55.607 DEBU [pymycobot.generate] _read : 
13:20:55.608 DEBU [pymycobot.generate] _write: fe fe 03 3b 07 fa 
13:20:56.110 DEBU [pymycobot.generate] _read : 
13:20:56.111 DEBU [pymycobot.generate] _write: fe fe 03 3b 07 fa 
13:20:56.612 DEBU [pymycobot.generate] _read : 
13:20:56.613 DEBU [pymycobot.generate] _write: fe fe 03 3b 07 fa 
13:20:57.115 DEBU [pymycobot.generate] _read : 
13:20:57.216 DEBU [pymycobot.generate] _write: fe fe 02 68 fa 
13:20:57.618 DEBU [pymycobot.generate] _read : 
13:20:57.618 DEBU [pymycobot.generate] _write: fe fe 02 68 fa 
13:20:58.020 DEBU [pymycobot.generate] _read : 
13:20:58.021 DEBU [pymycobot.generate] _write: fe fe 02 68 fa 
13:20:58.422 DEBU [pymycobot.generate] _read : 
13:20:58.523 DEBU [pymycobot.generate] _write: fe fe 03 3b 07 fa 
13:20:59.025 DEBU [pymycobot.generate] _read : 
13:20:59.026 DEBU [pymycobot.generate] _write: fe fe 03 3b 07 fa 
13:20:59.528 DEBU [pymycobot.generate] _read : 
13:20:59.528 DEBU [pymycobot.generate] _write: fe fe 03 3b 07 fa 
13:21:00.030 DEBU [pymycobot.generate] _read : 
13:21:00.132 DEBU [pymycobot.generate] _write: fe fe 04 53 07 15 fa 
13:21:00.634 DEBU [pymycobot.generate] _read : 
13:21:00.634 DEBU [pymycobot.generate] _write: fe fe 04 53 07 15 fa 
13:21:01.136 DEBU [pymycobot.generate] _read : 
13:21:01.137 DEBU [pymycobot.generate] _write: fe fe 04 53 07 15 fa 
13:21:01.639 DEBU [pymycobot.generate] _read : 
13:21:01.740 DEBU [pymycobot.generate] _write: fe fe 04 53 07 16 fa 
13:21:02.242 DEBU [pymycobot.generate] _read : 
13:21:02.242 DEBU [pymycobot.generate] _write: fe fe 04 53 07 16 fa 
13:21:02.744 DEBU [pymycobot.generate] _read : 
13:21:02.745 DEBU [pymycobot.generate] _write: fe fe 04 53 07 16 fa 
13:21:03.247 DEBU [pymycobot.generate] _read : 
13:21:03.348 DEBU [pymycobot.generate] _write: fe fe 04 53 07 17 fa 
13:21:03.850 DEBU [pymycobot.generate] _read : 
13:21:03.851 DEBU [pymycobot.generate] _write: fe fe 04 53 07 17 fa 
13:21:04.353 DEBU [pymycobot.generate] _read : 
13:21:04.353 DEBU [pymycobot.generate] _write: fe fe 04 53 07 17 fa 
13:21:04.855 DEBU [pymycobot.generate] _read : 
13:21:04.956 DEBU [pymycobot.generate] _write: fe fe 04 53 07 10 fa 
13:21:05.458 DEBU [pymycobot.generate] _read : 
13:21:05.459 DEBU [pymycobot.generate] _write: fe fe 04 53 07 10 fa 
13:21:05.961 DEBU [pymycobot.generate] _read : 
13:21:05.961 DEBU [pymycobot.generate] _write: fe fe 04 53 07 10 fa 
13:21:06.464 DEBU [pymycobot.generate] _read : 
13:21:06.565 DEBU [pymycobot.generate] _write: fe fe 05 52 07 15 19 fa 
13:21:07.067 DEBU [pymycobot.generate] _read : 
13:21:07.067 DEBU [pymycobot.generate] _write: fe fe 05 52 07 15 19 fa 
13:21:07.569 DEBU [pymycobot.generate] _read : 
13:21:07.570 DEBU [pymycobot.generate] _write: fe fe 05 52 07 15 19 fa 
13:21:08.072 DEBU [pymycobot.generate] _read : 
13:21:08.173 DEBU [pymycobot.generate] _write: fe fe 05 52 07 16 19 fa 
13:21:08.675 DEBU [pymycobot.generate] _read : 
13:21:08.675 DEBU [pymycobot.generate] _write: fe fe 05 52 07 16 19 fa 
13:21:09.177 DEBU [pymycobot.generate] _read : 
13:21:09.178 DEBU [pymycobot.generate] _write: fe fe 05 52 07 16 19 fa 
13:21:09.680 DEBU [pymycobot.generate] _read : 
13:21:09.781 DEBU [pymycobot.generate] _write: fe fe 05 52 07 17 00 fa 
13:21:10.283 DEBU [pymycobot.generate] _read : 
13:21:10.283 DEBU [pymycobot.generate] _write: fe fe 05 52 07 17 00 fa 
13:21:10.785 DEBU [pymycobot.generate] _read : 
13:21:10.786 DEBU [pymycobot.generate] _write: fe fe 05 52 07 17 00 fa 
13:21:11.288 DEBU [pymycobot.generate] _read : 
13:21:11.389 DEBU [pymycobot.generate] _write: fe fe 05 52 07 10 8c fa 
13:21:11.891 DEBU [pymycobot.generate] _read : 
13:21:11.892 DEBU [pymycobot.generate] _write: fe fe 05 52 07 10 8c fa 
13:21:12.394 DEBU [pymycobot.generate] _read : 
13:21:12.394 DEBU [pymycobot.generate] _write: fe fe 05 52 07 10 8c fa 
13:21:12.896 DEBU [pymycobot.generate] _read : 
13:21:12.997 DEBU [pymycobot.generate] _write: fe fe 04 53 07 15 fa 
13:21:13.500 DEBU [pymycobot.generate] _read : 
13:21:13.500 DEBU [pymycobot.generate] _write: fe fe 04 53 07 15 fa 
13:21:14.002 DEBU [pymycobot.generate] _read : 
13:21:14.003 DEBU [pymycobot.generate] _write: fe fe 04 53 07 15 fa 
13:21:14.505 DEBU [pymycobot.generate] _read : 
13:21:14.606 DEBU [pymycobot.generate] _write: fe fe 04 53 07 16 fa 
13:21:15.108 DEBU [pymycobot.generate] _read : 
13:21:15.108 DEBU [pymycobot.generate] _write: fe fe 04 53 07 16 fa 
13:21:15.610 DEBU [pymycobot.generate] _read : 
13:21:15.611 DEBU [pymycobot.generate] _write: fe fe 04 53 07 16 fa 
13:21:16.113 DEBU [pymycobot.generate] _read : 
13:21:16.214 DEBU [pymycobot.generate] _write: fe fe 04 53 07 17 fa 
13:21:16.716 DEBU [pymycobot.generate] _read : 
13:21:16.717 DEBU [pymycobot.generate] _write: fe fe 04 53 07 17 fa 
13:21:17.219 DEBU [pymycobot.generate] _read : 
13:21:17.220 DEBU [pymycobot.generate] _write: fe fe 04 53 07 17 fa 
13:21:17.721 DEBU [pymycobot.generate] _read : 
13:21:17.822 DEBU [pymycobot.generate] _write: fe fe 04 53 07 10 fa 
13:21:18.324 DEBU [pymycobot.generate] _read : 
13:21:18.325 DEBU [pymycobot.generate] _write: fe fe 04 53 07 10 fa 
13:21:18.827 DEBU [pymycobot.generate] _read : 
13:21:18.828 DEBU [pymycobot.generate] _write: fe fe 04 53 07 10 fa 
13:21:19.330 DEBU [pymycobot.generate] _read : 
